d:\workshop\works\fileplanterclient\fileplanterclient\release\studentfiletransferclient.obj
d:\workshop\works\fileplanterclient\fileplanterclient\release\qttcpclienthandler.obj
d:\workshop\works\fileplanterclient\fileplanterclient\release\qttcpbasehandler.obj
d:\workshop\works\fileplanterclient\fileplanterclient\release\main.obj
d:\workshop\works\fileplanterclient\fileplanterclient\release\vc140.pdb
d:\workshop\works\fileplanterclient\fileplanterclient\release\moc_qttcpclienthandler.obj
d:\workshop\works\fileplanterclient\fileplanterclient\release\qrc_studentfiletransferclient.obj
d:\workshop\works\fileplanterclient\fileplanterclient\release\moc_studentfiletransferclient.obj
d:\workshop\works\fileplanterclient\fileplanterclient\release\uic\ui_studentfiletransferclient.h
d:\workshop\works\fileplanterclient\fileplanterclient\release\rcc\qrc_studentfiletransferclient.cpp
d:\workshop\works\fileplanterclient\fileplanterclient\release\moc\moc_studentfiletransferclient.cpp
d:\workshop\works\fileplanterclient\fileplanterclient\release\moc\moc_qttcpclienthandler.cpp
d:\workshop\works\fileplanterclient\release\fileplanterclient.lib
d:\workshop\works\fileplanterclient\release\fileplanterclient.exp
d:\workshop\works\fileplanterclient\release\fileplanterclient.ilk
d:\workshop\works\fileplanterclient\release\fileplanterclient.exe
d:\workshop\works\fileplanterclient\release\fileplanterclient.pdb
d:\workshop\works\fileplanterclient\fileplanterclient\release\fileplan.62035ebe.tlog\cl.command.1.tlog
d:\workshop\works\fileplanterclient\fileplanterclient\release\fileplan.62035ebe.tlog\cl.read.1.tlog
d:\workshop\works\fileplanterclient\fileplanterclient\release\fileplan.62035ebe.tlog\cl.write.1.tlog
d:\workshop\works\fileplanterclient\fileplanterclient\release\fileplan.62035ebe.tlog\fileplanterclient.write.1u.tlog
d:\workshop\works\fileplanterclient\fileplanterclient\release\fileplan.62035ebe.tlog\link.command.1.tlog
d:\workshop\works\fileplanterclient\fileplanterclient\release\fileplan.62035ebe.tlog\link.read.1.tlog
d:\workshop\works\fileplanterclient\fileplanterclient\release\fileplan.62035ebe.tlog\link.write.1.tlog
d:\workshop\works\fileplanterclient\fileplanterclient\release\fileplan.62035ebe.tlog\moc.read.1u.tlog
d:\workshop\works\fileplanterclient\fileplanterclient\release\fileplan.62035ebe.tlog\moc.write.1u.tlog
d:\workshop\works\fileplanterclient\fileplanterclient\release\fileplan.62035ebe.tlog\rcc.read.1u.tlog
d:\workshop\works\fileplanterclient\fileplanterclient\release\fileplan.62035ebe.tlog\rcc.write.1u.tlog
d:\workshop\works\fileplanterclient\fileplanterclient\release\fileplan.62035ebe.tlog\uic.read.1u.tlog
d:\workshop\works\fileplanterclient\fileplanterclient\release\fileplan.62035ebe.tlog\uic.write.1u.tlog
